<?xml version="1.0" encoding="UTF-8" ?>
<testsuite failures="0" time="0.053" errors="0" skipped="0" tests="47" name="com.google.protobuf.GeneratedMessageTest">
  <properties>
[...]
</properties>
  <testcase time="0" classname="com.google.protobuf.GeneratedMessageTest" name="testDefaultInstance"/>
  <testcase time="0" classname="com.google.protobuf.GeneratedMessageTest" name="testAccessors"/>
  <testcase time="0" classname="com.google.protobuf.GeneratedMessageTest" name="testDoubleBuildError"/>
  <testcase time="0" classname="com.google.protobuf.GeneratedMessageTest" name="testClearAfterBuildError"/>
  <testcase time="0" classname="com.google.protobuf.GeneratedMessageTest" name="testSettersRejectNull"/>
  <testcase time="0" classname="com.google.protobuf.GeneratedMessageTest" name="testRepeatedSetters"/>
  <testcase time="0.001" classname="com.google.protobuf.GeneratedMessageTest" name="testRepeatedSettersRejectNull"/>
  <testcase time="0" classname="com.google.protobuf.GeneratedMessageTest" name="testRepeatedAppend"/>
  <testcase time="0.001" classname="com.google.protobuf.GeneratedMessageTest" name="testRepeatedAppendRejectsNull"/>
  <testcase time="0.001" classname="com.google.protobuf.GeneratedMessageTest" name="testSettingForeignMessageUsingBuilder"/>
  <testcase time="0" classname="com.google.protobuf.GeneratedMessageTest" name="testSettingRepeatedForeignMessageUsingBuilder"/>
  <testcase time="0" classname="com.google.protobuf.GeneratedMessageTest" name="testDefaults"/>
  <testcase time="0.001" classname="com.google.protobuf.GeneratedMessageTest" name="testReflectionGetters"/>
  <testcase time="0.002" classname="com.google.protobuf.GeneratedMessageTest" name="testReflectionSetters"/>
  <testcase time="0" classname="com.google.protobuf.GeneratedMessageTest" name="testReflectionSettersRejectNull"/>
  <testcase time="0.004" classname="com.google.protobuf.GeneratedMessageTest" name="testReflectionRepeatedSetters"/>
  <testcase time="0.001" classname="com.google.protobuf.GeneratedMessageTest" name="testReflectionRepeatedSettersRejectNull"/>
  <testcase time="0.002" classname="com.google.protobuf.GeneratedMessageTest" name="testReflectionDefaults"/>
  <testcase time="0" classname="com.google.protobuf.GeneratedMessageTest" name="testEnumInterface"/>
  <testcase time="0" classname="com.google.protobuf.GeneratedMessageTest" name="testEnumMap"/>
  <testcase time="0.001" classname="com.google.protobuf.GeneratedMessageTest" name="testParsePackedToUnpacked"/>
  <testcase time="0" classname="com.google.protobuf.GeneratedMessageTest" name="testParseUnpackedToPacked"/>
  <testcase time="0.002" classname="com.google.protobuf.GeneratedMessageTest" name="testExtensionAccessors"/>
  <testcase time="0.002" classname="com.google.protobuf.GeneratedMessageTest" name="testExtensionRepeatedSetters"/>
  <testcase time="0" classname="com.google.protobuf.GeneratedMessageTest" name="testExtensionDefaults"/>
  <testcase time="0.002" classname="com.google.protobuf.GeneratedMessageTest" name="testExtensionReflectionGetters"/>
  <testcase time="0.002" classname="com.google.protobuf.GeneratedMessageTest" name="testExtensionReflectionSetters"/>
  <testcase time="0.001" classname="com.google.protobuf.GeneratedMessageTest" name="testExtensionReflectionSettersRejectNull"/>
  <testcase time="0.001" classname="com.google.protobuf.GeneratedMessageTest" name="testExtensionReflectionRepeatedSetters"/>
  <testcase time="0" classname="com.google.protobuf.GeneratedMessageTest" name="testExtensionReflectionRepeatedSettersRejectNull"/>
  <testcase time="0.002" classname="com.google.protobuf.GeneratedMessageTest" name="testExtensionReflectionDefaults"/>
  <testcase time="0" classname="com.google.protobuf.GeneratedMessageTest" name="testClearExtension"/>
  <testcase time="0.001" classname="com.google.protobuf.GeneratedMessageTest" name="testExtensionCopy"/>
  <testcase time="0" classname="com.google.protobuf.GeneratedMessageTest" name="testExtensionMergeFrom"/>
  <testcase time="0.003" classname="com.google.protobuf.GeneratedMessageTest" name="testLiteExtensionAccessors"/>
  <testcase time="0.001" classname="com.google.protobuf.GeneratedMessageTest" name="testLiteExtensionRepeatedSetters"/>
  <testcase time="0" classname="com.google.protobuf.GeneratedMessageTest" name="testLiteExtensionDefaults"/>
  <testcase time="0.001" classname="com.google.protobuf.GeneratedMessageTest" name="testClearLiteExtension"/>
  <testcase time="0.001" classname="com.google.protobuf.GeneratedMessageTest" name="testLiteExtensionCopy"/>
  <testcase time="0" classname="com.google.protobuf.GeneratedMessageTest" name="testLiteExtensionMergeFrom"/>
  <testcase time="0.001" classname="com.google.protobuf.GeneratedMessageTest" name="testMultipleFilesOption"/>
  <testcase time="0.006" classname="com.google.protobuf.GeneratedMessageTest" name="testOptionalFieldWithRequiredSubfieldsOptimizedForSize"/>
  <testcase time="0.001" classname="com.google.protobuf.GeneratedMessageTest" name="testUninitializedExtensionInOptimizedForSize"/>
  <testcase time="0" classname="com.google.protobuf.GeneratedMessageTest" name="testToBuilder"/>
  <testcase time="0" classname="com.google.protobuf.GeneratedMessageTest" name="testFieldConstantValues"/>
  <testcase time="0" classname="com.google.protobuf.GeneratedMessageTest" name="testExtensionConstantValues"/>
  <testcase time="0" classname="com.google.protobuf.GeneratedMessageTest" name="testRecursiveMessageDefaultInstance"/>
</testsuite>