<?xml version="1.0" encoding="UTF-8" ?>
<testsuite failures="0" time="0.016" errors="0" skipped="0" tests="16" name="com.google.protobuf.DynamicMessageTest">
  <properties>
[...]
</properties>
  <testcase time="0" classname="com.google.protobuf.DynamicMessageTest" name="testDoubleBuildError"/>
  <testcase time="0" classname="com.google.protobuf.DynamicMessageTest" name="testClearAfterBuildError"/>
  <testcase time="0.002" classname="com.google.protobuf.DynamicMessageTest" name="testToBuilder"/>
  <testcase time="0.001" classname="com.google.protobuf.DynamicMessageTest" name="testDynamicMessageAccessors"/>
  <testcase time="0" classname="com.google.protobuf.DynamicMessageTest" name="testDynamicMessageSettersRejectNull"/>
  <testcase time="0.002" classname="com.google.protobuf.DynamicMessageTest" name="testDynamicMessageExtensionAccessors"/>
  <testcase time="0" classname="com.google.protobuf.DynamicMessageTest" name="testDynamicMessageExtensionSettersRejectNull"/>
  <testcase time="0.001" classname="com.google.protobuf.DynamicMessageTest" name="testDynamicMessageRepeatedSetters"/>
  <testcase time="0" classname="com.google.protobuf.DynamicMessageTest" name="testDynamicMessageRepeatedSettersRejectNull"/>
  <testcase time="0.001" classname="com.google.protobuf.DynamicMessageTest" name="testDynamicMessageDefaults"/>
  <testcase time="0.001" classname="com.google.protobuf.DynamicMessageTest" name="testDynamicMessageSerializedSize"/>
  <testcase time="0.002" classname="com.google.protobuf.DynamicMessageTest" name="testDynamicMessageSerialization"/>
  <testcase time="0.002" classname="com.google.protobuf.DynamicMessageTest" name="testDynamicMessageParsing"/>
  <testcase time="0" classname="com.google.protobuf.DynamicMessageTest" name="testDynamicMessagePackedSerialization"/>
  <testcase time="0.001" classname="com.google.protobuf.DynamicMessageTest" name="testDynamicMessagePackedParsing"/>
  <testcase time="0.001" classname="com.google.protobuf.DynamicMessageTest" name="testDynamicMessageCopy"/>
</testsuite>